
> level-up@0.1.0 test:once
> cross-env NODE_ENV=test karma start --single-run

webpack was not included as a framework in karma configuration, setting this automatically...
Webpack bundling...
asset [1m[32mcommons.js[39m[22m 6.87 MiB [1m[32m[emitted][39m[22m (name: commons) (id hint: commons)
asset [1m[32mruntime.js[39m[22m 16.9 KiB [1m[32m[emitted][39m[22m (name: runtime)
asset [1m[32mNotificationContext.spec.1345401088.js[39m[22m 486 bytes [1m[32m[emitted][39m[22m (name: NotificationContext.spec.1345401088)
asset [1m[32mProductCard.spec.4220480472.js[39m[22m 483 bytes [1m[32m[emitted][39m[22m (name: ProductCard.spec.4220480472)
asset [1m[32mProductDetailPage.spec.3560872363.js[39m[22m 480 bytes [1m[32m[emitted][39m[22m (name: ProductDetailPage.spec.3560872363)
asset [1m[32mAuthContext.spec.4251289473.js[39m[22m 470 bytes [1m[32m[emitted][39m[22m (name: AuthContext.spec.4251289473)
asset [1m[32mCartContext.spec.3345363534.js[39m[22m 470 bytes [1m[32m[emitted][39m[22m (name: CartContext.spec.3345363534)
asset [1m[32mformatters.spec.2095283931.js[39m[22m 466 bytes [1m[32m[emitted][39m[22m (name: formatters.spec.2095283931)
asset [1m[32mCommunity.spec.126623731.js[39m[22m 463 bytes [1m[32m[emitted][39m[22m (name: Community.spec.126623731)
asset [1m[32mProducts.spec.3209198220.js[39m[22m 462 bytes [1m[32m[emitted][39m[22m (name: Products.spec.3209198220)
asset [1m[32mRegister.spec.1238739584.js[39m[22m 462 bytes [1m[32m[emitted][39m[22m (name: Register.spec.1238739584)
asset [1m[32mProfile.spec.3671499345.js[39m[22m 460 bytes [1m[32m[emitted][39m[22m (name: Profile.spec.3671499345)
asset [1m[32mReviews.spec.2702826092.js[39m[22m 460 bytes [1m[32m[emitted][39m[22m (name: Reviews.spec.2702826092)
asset [1m[32museCart.spec.2503661057.js[39m[22m 460 bytes [1m[32m[emitted][39m[22m (name: useCart.spec.2503661057)
+ 4 assets
webpack 5.102.1 compiled [1m[32msuccessfully[39m[22m in 2634 ms
[32m24 11 2025 16:49:08.256:INFO [karma-server]: [39mKarma v6.4.4 server started at http://localhost:9876/
[32m24 11 2025 16:49:08.257:INFO [launcher]: [39mLaunching browsers ChromeHeadless with concurrency unlimited
[32m24 11 2025 16:49:08.269:INFO [launcher]: [39mStarting browser ChromeHeadless
[32m24 11 2025 16:49:09.483:INFO [Chrome Headless 142.0.0.0 (Windows 10)]: [39mConnected on socket AtLCyHxSrZRisfCOAAAB with id 70226584
[33m24 11 2025 16:49:09.686:WARN [web-server]: [39m404: /assets/img/evento-cs2.jpg
[33m24 11 2025 16:49:09.686:WARN [web-server]: [39m404: /assets/img/evento-lol.jpg
[33m24 11 2025 16:49:09.686:WARN [web-server]: [39m404: /assets/img/gaming-expo.jpg

  AuthContext
    [32mÃ”ÃªÃœ [39msincroniza cambios de localStorage desde otro tab (7ms)
[33m24 11 2025 16:49:09.697:WARN [web-server]: [39m404: /imagen1.jpg
[33m24 11 2025 16:49:09.698:WARN [web-server]: [39m404: /imagen2.jpg
[33m24 11 2025 16:49:09.699:WARN [web-server]: [39m404: /imagen3.jpg

  Cart Page
    [31mâ”œÃ¹ [39m[31mdebe mostrar un mensaje cuando el carrito estâ”œÃ­ vacâ”œÂ¡o[39m (5ms)
	TestingLibraryElementError: Unable to find an element with the text: /tu carrito estâ”œÃ­ vacâ”œÂ¡o/i. This could be because the text is broken up by multiple elements. In this case, you can provide a function for your text matcher to make your matcher more flexible.
	
	Ignored nodes: comments, script, style
	<body>
	  

    [31mâ”œÃ¹ [39m[31mdebe manejar el cambio de cantidad de un producto[39m (4ms)
	TestingLibraryElementError: Unable to find an accessible element with the role "button" and name "-"
	
	Here are the accessible roles:
	
	  main:

    [31mâ”œÃ¹ [39m[31mdebe eliminar un producto del carrito[39m (2ms)
	TestingLibraryElementError: Unable to find an accessible element with the role "button" and name `/eliminar/i`
	
	Here are the accessible roles:
	
	  main:

    [31mâ”œÃ¹ [39m[31mdebe vaciar el carrito[39m (1ms)
	TestingLibraryElementError: Unable to find an accessible element with the role "button" and name `/vaciar carrito/i`
	
	Here are the accessible roles:
	
	  main:

    [31mâ”œÃ¹ [39m[31mdebe aplicar un descuento vâ”œÃ­lido[39m (1ms)
	TestingLibraryElementError: Unable to find an element with the placeholder text of: /ej: duoc20/i
	
	Ignored nodes: comments, script, style
	<body>
	  

    [31mâ”œÃ¹ [39m[31mdebe manejar el intento de finalizar la compra con un carrito vacâ”œÂ¡o[39m (2ms)
	TestingLibraryElementError: Unable to find an accessible element with the role "button" and name `/finalizar compra/i`
	
	Here are the accessible roles:
	
	  main:

    [31mâ”œÃ¹ [39m[31mdebe redirigir al registro si el usuario no estâ”œÃ­ autenticado[39m (1ms)
	TestingLibraryElementError: Unable to find an accessible element with the role "button" and name `/finalizar compra/i`
	
	Here are the accessible roles:
	
	  main:


  CartContext
    [32mÃ”ÃªÃœ [39mdebe inicializar con carrito vacâ”œÂ¡o (1ms)
    [32mÃ”ÃªÃœ [39mdebe agregar un producto al carrito (3ms)
    [32mÃ”ÃªÃœ [39mdebe incrementar cantidad si el producto ya existe (2ms)
    [32mÃ”ÃªÃœ [39mdebe eliminar un producto del carrito (1ms)
    [32mÃ”ÃªÃœ [39mdebe actualizar la cantidad de un producto (2ms)
    [32mÃ”ÃªÃœ [39mdebe vaciar el carrito (1ms)
    [31mâ”œÃ¹ [39m[31mdebe calcular el precio total correctamente[39m (2ms)
	Expected '0' to be '91980'.
	    at <Jasmine>
	    at C:/Users/JEREMY~1.PAR/AppData/Local/Temp/_karma_webpack_760151/commons.js:69607:120
	    at runWithExpensiveErrorDiagnosticsDisabled (C:/Users/JEREMY~1.PAR/AppData/Local/Temp/_karma_webpack_760151/commons.js:553:12)
	    at checkCallback (C:/Users/JEREMY~1.PAR/AppData/Local/Temp/_karma_webpack_760151/commons.js:1301:24)

    [32mÃ”ÃªÃœ [39mdebe persistir el carrito en localStorage (1ms)

  Community Page
    [32mÃ”ÃªÃœ [39mdebe renderizar el tâ”œÂ¡tulo de comunidad (8ms)

  Home Page
    [32mÃ”ÃªÃœ [39mdebe renderizar el tâ”œÂ¡tulo principal (1ms)
    [32mÃ”ÃªÃœ [39mdebe cargar y mostrar productos destacados (28ms)
    [31mâ”œÃ¹ [39m[31mdebe manejar errores al cargar productos[39m (1ms)
	Expected spy error to have been called.
	    at <Jasmine>
	    at C:/Users/JEREMY~1.PAR/AppData/Local/Temp/_karma_webpack_760151/commons.js:78365:35
	    at runWithExpensiveErrorDiagnosticsDisabled (C:/Users/JEREMY~1.PAR/AppData/Local/Temp/_karma_webpack_760151/commons.js:553:12)
	    at checkCallback (C:/Users/JEREMY~1.PAR/AppData/Local/Temp/_karma_webpack_760151/commons.js:1301:24)


  Login Page
    [32mÃ”ÃªÃœ [39mdebe renderizar el formulario de login (3ms)

  ProductCard Component
    [32mÃ”ÃªÃœ [39mdebe renderizar correctamente el componente (1ms)

  Product Detail Page
    [32mÃ”ÃªÃœ [39mdebe mostrar un mensaje de carga mientras se obtiene el producto (2ms)
[33m24 11 2025 16:49:09.723:WARN [web-server]: [39m404: /assets/img/mouse-gamer.jpg
    [32mÃ”ÃªÃœ [39mdebe mostrar un mensaje si el producto no se encuentra (2ms)
[33m24 11 2025 16:49:09.730:WARN [web-server]: [39m404: /imagen.jpg
    [31mâ”œÃ¹ [39m[31mdebe cargar y mostrar el producto correctamente[39m (1012ms)
	TestingLibraryElementError: Unable to find an element with the text: /Producto 1/i. This could be because the text is broken up by multiple elements. In this case, you can provide a function for your text matcher to make your matcher more flexible.
	
	Ignored nodes: comments, script, style
	<body>
	  

    [31mâ”œÃ¹ [39m[31mdebe manejar el cambio de cantidad[39m (1ms)
	TestingLibraryElementError: Unable to find an accessible element with the role "button" and name "+"
	
	Here are the accessible roles:
	
	  main:

    [31mâ”œÃ¹ [39m[31mdebe agregar el producto al carrito[39m (2ms)
	TestingLibraryElementError: Unable to find an accessible element with the role "button" and name `/Agregar al Carrito/i`
	
	Here are the accessible roles:
	
	  main:

    [31mâ”œÃ¹ [39m[31mdebe manejar el envâ”œÂ¡o de una reseâ”œâ–’a vâ”œÃ­lida[39m (1ms)
	TestingLibraryElementError: Unable to find a label with the text of: /Calificaciâ”œâ”‚n/i
	
	Ignored nodes: comments, script, style
	<body>
	  

    [31mâ”œÃ¹ [39m[31mdebe mostrar un error si la reseâ”œâ–’a estâ”œÃ­ incompleta[39m (1ms)
	TestingLibraryElementError: Unable to find an accessible element with the role "button" and name `/Publicar Reseâ”œâ–’a/i`
	
	Here are the accessible roles:
	
	  main:

ERROR LOG: [36m'Error cargando producto:', 'Error al cargar el producto'[39m
    [32mÃ”ÃªÃœ [39mdebe manejar errores al cargar el producto (1ms)
    [31mâ”œÃ¹ [39m[31mdebe deshabilitar el botâ”œâ”‚n de incrementar cantidad al alcanzar el lâ”œÂ¡mite mâ”œÃ­ximo[39m (1ms)
	TestingLibraryElementError: Unable to find an accessible element with the role "button" and name "+"
	
	Here are the accessible roles:
	
	  main:

    [31mâ”œÃ¹ [39m[31mdebe deshabilitar el botâ”œâ”‚n de decrementar cantidad al alcanzar el lâ”œÂ¡mite mâ”œÂ¡nimo[39m (1ms)
	TestingLibraryElementError: Unable to find an accessible element with the role "button" and name "-"
	
	Here are the accessible roles:
	
	  main:

    [31mâ”œÃ¹ [39m[31mdebe mostrar un error si falta la calificaciâ”œâ”‚n en la reseâ”œâ–’a[39m (1ms)
	TestingLibraryElementError: Unable to find a label with the text of: /Tu nombre/i
	
	Ignored nodes: comments, script, style
	<body>
	  

    [31mâ”œÃ¹ [39m[31mdebe mostrar un error si falta el nombre en la reseâ”œâ–’a[39m (1ms)
	TestingLibraryElementError: Unable to find a label with the text of: /Calificaciâ”œâ”‚n/i
	
	Ignored nodes: comments, script, style
	<body>
	  


  Products Page
    [32mÃ”ÃªÃœ [39mdebe renderizar el tâ”œÂ¡tulo de productos (2ms)
ALERT LOG: [36m'Debes registrarte o iniciar sesiâ”œâ”‚n para acceder a tu perfil.'[39m
ALERT LOG: [36m'Debes registrarte o iniciar sesiâ”œâ”‚n para acceder a tu perfil.'[39m

  Profile Page
    [32mÃ”ÃªÃœ [39mdebe renderizar el tâ”œÂ¡tulo del perfil (6ms)

  Register Page
    [32mÃ”ÃªÃœ [39mdebe renderizar el formulario de registro (4ms)
    [31mâ”œÃ¹ [39m[31mdebe mostrar un error si los campos de direcciâ”œâ”‚n estâ”œÃ­n incompletos[39m (11ms)
	TestingLibraryElementError: Unable to find an element with the text: /Todos los campos de direcciâ”œâ”‚n son obligatorios./i. This could be because the text is broken up by multiple elements. In this case, you can provide a function for your text matcher to make your matcher more flexible.
	
	Ignored nodes: comments, script, style
	<body>
	  

    [31mâ”œÃ¹ [39m[31mdebe mostrar un error si el telâ”œÂ®fono tiene un formato incorrecto[39m (9ms)
	TestingLibraryElementError: Unable to find an element with the text: /El telâ”œÂ®fono debe tener el formato \+56 9 XXXX XXXX./i. This could be because the text is broken up by multiple elements. In this case, you can provide a function for your text matcher to make your matcher more flexible.
	
	Ignored nodes: comments, script, style
	<body>
	  

    [31mâ”œÃ¹ [39m[31mdebe mostrar un error si el câ”œâ”‚digo postal no es un nâ”œâ•‘mero[39m (8ms)
	TestingLibraryElementError: Unable to find an element with the text: /El câ”œâ”‚digo postal debe ser un nâ”œâ•‘mero./i. This could be because the text is broken up by multiple elements. In this case, you can provide a function for your text matcher to make your matcher more flexible.
	
	Ignored nodes: comments, script, style
	<body>
	  

    [31mâ”œÃ¹ [39m[31mdebe mostrar un error si las contraseâ”œâ–’as no coinciden[39m (3ms)
	TestingLibraryElementError: Found multiple elements with the text of: /Contraseâ”œâ–’a/i
	
	Here are the matching elements:
	
	Ignored nodes: comments, script, style

    [32mÃ”ÃªÃœ [39mdebe mostrar un error si el usuario es menor de 18 aâ”œâ–’os (8ms)
    [31mâ”œÃ¹ [39m[31mdebe manejar errores del servidor al registrar un usuario[39m (5ms)
	TestingLibraryElementError: Found multiple elements with the text of: /Contraseâ”œâ–’a/i
	
	Here are the matching elements:
	
	Ignored nodes: comments, script, style

    [31mâ”œÃ¹ [39m[31mdebe mostrar un mensaje de â”œÂ®xito si el registro es exitoso[39m (6ms)
	TestingLibraryElementError: Found multiple elements with the text of: /Contraseâ”œâ–’a/i
	
	Here are the matching elements:
	
	Ignored nodes: comments, script, style


  Reviews Page
    [32mÃ”ÃªÃœ [39mdebe renderizar el tâ”œÂ¡tulo de la pâ”œÃ­gina (3ms)
    [32mÃ”ÃªÃœ [39mdebe cargar y mostrar las reseâ”œâ–’as guardadas (3ms)
    [32mÃ”ÃªÃœ [39mdebe mostrar un mensaje si no hay reseâ”œâ–’as (2ms)
    [32mÃ”ÃªÃœ [39mdebe filtrar reseâ”œâ–’as por producto (3ms)
    [32mÃ”ÃªÃœ [39mdebe filtrar reseâ”œâ–’as por calificaciâ”œâ”‚n (5ms)
    [32mÃ”ÃªÃœ [39mdebe mostrar un mensaje si no hay reseâ”œâ–’as que coincidan con los filtros (4ms)
    [31mâ”œÃ¹ [39m[31mdebe manejar el envâ”œÂ¡o de una reseâ”œâ–’a vâ”œÃ­lida[39m (1020ms)
	TestingLibraryElementError: Unable to find an element with the text: /â”¬Ã­Reseâ”œâ–’a publicada exitosamente!/i. This could be because the text is broken up by multiple elements. In this case, you can provide a function for your text matcher to make your matcher more flexible.
	
	Ignored nodes: comments, script, style
	<body>
	  

ERROR LOG: [36m'Error cargando producto:', TypeError: Failed to fetch
TypeError: Failed to fetch
    at http://localhost:9876/absoluteC:/Users/JEREMY~1.PAR/AppData/Local/Temp/_karma_webpack_760151/commons.js?b21cb6585a73ec5f9371f43600b53015bbe95f3d:80777:18
    at Generator.<anonymous> (http://localhost:9876/absoluteC:/Users/JEREMY~1.PAR/AppData/Local/Temp/_karma_webpack_760151/commons.js?b21cb6585a73ec5f9371f43600b53015bbe95f3d:80709:1660)
    at Generator.next (http://localhost:9876/absoluteC:/Users/JEREMY~1.PAR/AppData/Local/Temp/_karma_webpack_760151/commons.js?b21cb6585a73ec5f9371f43600b53015bbe95f3d:80710:255)
    at asyncGeneratorStep (http://localhost:9876/absoluteC:/Users/JEREMY~1.PAR/AppData/Local/Temp/_karma_webpack_760151/commons.js?b21cb6585a73ec5f9371f43600b53015bbe95f3d:80716:70)
    at _next (http://localhost:9876/absoluteC:/Users/JEREMY~1.PAR/AppData/Local/Temp/_karma_webpack_760151/commons.js?b21cb6585a73ec5f9371f43600b53015bbe95f3d:80717:163)
    at http://localhost:9876/absoluteC:/Users/JEREMY~1.PAR/AppData/Local/Temp/_karma_webpack_760151/commons.js?b21cb6585a73ec5f9371f43600b53015bbe95f3d:80717:299
    at new Promise (<anonymous>)
    at http://localhost:9876/absoluteC:/Users/JEREMY~1.PAR/AppData/Local/Temp/_karma_webpack_760151/commons.js?b21cb6585a73ec5f9371f43600b53015bbe95f3d:80717:90
    at http://localhost:9876/absoluteC:/Users/JEREMY~1.PAR/AppData/Local/Temp/_karma_webpack_760151/commons.js?b21cb6585a73ec5f9371f43600b53015bbe95f3d:80845:5
    at Object.react_stack_bottom_frame (http://localhost:9876/absoluteC:/Users/JEREMY~1.PAR/AppData/Local/Temp/_karma_webpack_760151/commons.js?b21cb6585a73ec5f9371f43600b53015bbe95f3d:48981:20)[39m
ERROR LOG: [36m'Error cargando productos:', AxiosError{message: 'Network Error', name: 'AxiosError', code: 'ERR_NETWORK', config: Object{transitional: Object{silentJSONParsing: ..., forcedJSONParsing: ..., clarifyTimeoutError: ...}, adapter: [..., ..., ...], transformRequest: [...], transformResponse: [...], timeout: 0, xsrfCookieName: 'XSRF-TOKEN', xsrfHeaderName: 'X-XSRF-TOKEN', maxContentLength: -1, maxBodyLength: -1, env: Object{FormData: ..., Blob: ...}, validateStatus: function validateStatus(status) { ... }, headers: AxiosHeaders{Accept: ..., Content-Type: ...}, method: 'get', url: 'http://localhost:3001/api/v1/productos', allowAbsoluteUrls: true, data: undefined}, request: XMLHttpRequest{}, event: ProgressEvent{isTrusted: true}}[39m
    [31mâ”œÃ¹ [39m[31mdebe mostrar un error si la reseâ”œâ–’a estâ”œÃ­ incompleta[39m (1010ms)
	TestingLibraryElementError: Unable to find an element with the text: /Por favor completa todos los campos/i. This could be because the text is broken up by multiple elements. In this case, you can provide a function for your text matcher to make your matcher more flexible.
	
	Ignored nodes: comments, script, style
	<body>
	  


  Formatters Utils
    formatearPrecio
      [32mÃ”ÃªÃœ [39mdebe formatear precios correctamente (1ms)
      [32mÃ”ÃªÃœ [39mdebe manejar precios con decimales (0ms)
      [32mÃ”ÃªÃœ [39mdebe manejar cero (0ms)
    normalizarTexto
      [32mÃ”ÃªÃœ [39mdebe convertir a minâ”œâ•‘sculas (0ms)
      [32mÃ”ÃªÃœ [39mdebe remover tildes (0ms)
      [32mÃ”ÃªÃœ [39mdebe normalizar texto completo (0ms)
    validarEmail
      [32mÃ”ÃªÃœ [39mdebe validar emails correctos (0ms)
      [32mÃ”ÃªÃœ [39mdebe rechazar emails invâ”œÃ­lidos (0ms)
    calcularEdad
      [32mÃ”ÃªÃœ [39mdebe calcular edad correctamente (0ms)
      [32mÃ”ÃªÃœ [39mdebe considerar mes y dâ”œÂ¡a de cumpleaâ”œâ–’os (0ms)

  useCart Hook
    [32mÃ”ÃªÃœ [39mdebe retornar todas las funciones del carrito (1ms)
    [32mÃ”ÃªÃœ [39mdebe agregar producto con notificaciâ”œâ”‚n (1ms)
    [32mÃ”ÃªÃœ [39mdebe mostrar notificaciâ”œâ”‚n con informaciâ”œâ”‚n del producto (1ms)
    [32mÃ”ÃªÃœ [39mdebe mostrar los valores del contexto (0ms)

Chrome Headless 142.0.0.0 (Windows 10): Executed 66 of 66[31m (26 FAILED)[39m (3.235 secs / 3.22 secs)
[33m24/11/2025, 16:49:12 - [39m[31mTOTAL: 26 FAILED, 40 SUCCESS[39m


[31m1) debe mostrar un mensaje cuando el carrito estâ”œÃ­ vacâ”œÂ¡o
[39m[31m     Cart Page
[39m[90m     TestingLibraryElementError: Unable to find an element with the text: /tu carrito estâ”œÃ­ vacâ”œÂ¡o/i. This could be because the text is broken up by multiple elements. In this case, you can provide a function for your text matcher to make your matcher more flexible.

Ignored nodes: comments, script, style
<body>
  
[39m
[31m2) debe manejar el cambio de cantidad de un producto
[39m[31m     Cart Page
[39m[90m     TestingLibraryElementError: Unable to find an accessible element with the role "button" and name "-"

Here are the accessible roles:

  main:
[39m
[31m3) debe eliminar un producto del carrito
[39m[31m     Cart Page
[39m[90m     TestingLibraryElementError: Unable to find an accessible element with the role "button" and name `/eliminar/i`

Here are the accessible roles:

  main:
[39m
[31m4) debe vaciar el carrito
[39m[31m     Cart Page
[39m[90m     TestingLibraryElementError: Unable to find an accessible element with the role "button" and name `/vaciar carrito/i`

Here are the accessible roles:

  main:
[39m
[31m5) debe aplicar un descuento vâ”œÃ­lido
[39m[31m     Cart Page
[39m[90m     TestingLibraryElementError: Unable to find an element with the placeholder text of: /ej: duoc20/i

Ignored nodes: comments, script, style
<body>
  
[39m
[31m6) debe manejar el intento de finalizar la compra con un carrito vacâ”œÂ¡o
[39m[31m     Cart Page
[39m[90m     TestingLibraryElementError: Unable to find an accessible element with the role "button" and name `/finalizar compra/i`

Here are the accessible roles:

  main:
[39m
[31m7) debe redirigir al registro si el usuario no estâ”œÃ­ autenticado
[39m[31m     Cart Page
[39m[90m     TestingLibraryElementError: Unable to find an accessible element with the role "button" and name `/finalizar compra/i`

Here are the accessible roles:

  main:
[39m
[31m8) debe calcular el precio total correctamente
[39m[31m     CartContext
[39m[90m     Expected '0' to be '91980'.
    at <Jasmine>
    at C:/Users/JEREMY~1.PAR/AppData/Local/Temp/_karma_webpack_760151/commons.js:69607:120
    at runWithExpensiveErrorDiagnosticsDisabled (C:/Users/JEREMY~1.PAR/AppData/Local/Temp/_karma_webpack_760151/commons.js:553:12)
    at checkCallback (C:/Users/JEREMY~1.PAR/AppData/Local/Temp/_karma_webpack_760151/commons.js:1301:24)
[39m
[31m9) debe manejar errores al cargar productos
[39m[31m     Home Page
[39m[90m     Expected spy error to have been called.
    at <Jasmine>
    at C:/Users/JEREMY~1.PAR/AppData/Local/Temp/_karma_webpack_760151/commons.js:78365:35
    at runWithExpensiveErrorDiagnosticsDisabled (C:/Users/JEREMY~1.PAR/AppData/Local/Temp/_karma_webpack_760151/commons.js:553:12)
    at checkCallback (C:/Users/JEREMY~1.PAR/AppData/Local/Temp/_karma_webpack_760151/commons.js:1301:24)
[39m
[31m10) debe cargar y mostrar el producto correctamente
[39m[31m     Product Detail Page
[39m[90m     TestingLibraryElementError: Unable to find an element with the text: /Producto 1/i. This could be because the text is broken up by multiple elements. In this case, you can provide a function for your text matcher to make your matcher more flexible.

Ignored nodes: comments, script, style
<body>
  
[39m
[31m11) debe manejar el cambio de cantidad
[39m[31m     Product Detail Page
[39m[90m     TestingLibraryElementError: Unable to find an accessible element with the role "button" and name "+"

Here are the accessible roles:

  main:
[39m
[31m12) debe agregar el producto al carrito
[39m[31m     Product Detail Page
[39m[90m     TestingLibraryElementError: Unable to find an accessible element with the role "button" and name `/Agregar al Carrito/i`

Here are the accessible roles:

  main:
[39m
[31m13) debe manejar el envâ”œÂ¡o de una reseâ”œâ–’a vâ”œÃ­lida
[39m[31m     Product Detail Page
[39m[90m     TestingLibraryElementError: Unable to find a label with the text of: /Calificaciâ”œâ”‚n/i

Ignored nodes: comments, script, style
<body>
  
[39m
[31m14) debe mostrar un error si la reseâ”œâ–’a estâ”œÃ­ incompleta
[39m[31m     Product Detail Page
[39m[90m     TestingLibraryElementError: Unable to find an accessible element with the role "button" and name `/Publicar Reseâ”œâ–’a/i`

Here are the accessible roles:

  main:
[39m
[31m15) debe deshabilitar el botâ”œâ”‚n de incrementar cantidad al alcanzar el lâ”œÂ¡mite mâ”œÃ­ximo
[39m[31m     Product Detail Page
[39m[90m     TestingLibraryElementError: Unable to find an accessible element with the role "button" and name "+"

Here are the accessible roles:

  main:
[39m
[31m16) debe deshabilitar el botâ”œâ”‚n de decrementar cantidad al alcanzar el lâ”œÂ¡mite mâ”œÂ¡nimo
[39m[31m     Product Detail Page
[39m[90m     TestingLibraryElementError: Unable to find an accessible element with the role "button" and name "-"

Here are the accessible roles:

  main:
[39m
[31m17) debe mostrar un error si falta la calificaciâ”œâ”‚n en la reseâ”œâ–’a
[39m[31m     Product Detail Page
[39m[90m     TestingLibraryElementError: Unable to find a label with the text of: /Tu nombre/i

Ignored nodes: comments, script, style
<body>
  
[39m
[31m18) debe mostrar un error si falta el nombre en la reseâ”œâ–’a
[39m[31m     Product Detail Page
[39m[90m     TestingLibraryElementError: Unable to find a label with the text of: /Calificaciâ”œâ”‚n/i

Ignored nodes: comments, script, style
<body>
  
[39m
[31m19) debe mostrar un error si los campos de direcciâ”œâ”‚n estâ”œÃ­n incompletos
[39m[31m     Register Page
[39m[90m     TestingLibraryElementError: Unable to find an element with the text: /Todos los campos de direcciâ”œâ”‚n son obligatorios./i. This could be because the text is broken up by multiple elements. In this case, you can provide a function for your text matcher to make your matcher more flexible.

Ignored nodes: comments, script, style
<body>
  
[39m
[31m20) debe mostrar un error si el telâ”œÂ®fono tiene un formato incorrecto
[39m[31m     Register Page
[39m[90m     TestingLibraryElementError: Unable to find an element with the text: /El telâ”œÂ®fono debe tener el formato \+56 9 XXXX XXXX./i. This could be because the text is broken up by multiple elements. In this case, you can provide a function for your text matcher to make your matcher more flexible.

Ignored nodes: comments, script, style
<body>
  
[39m
[31m21) debe mostrar un error si el câ”œâ”‚digo postal no es un nâ”œâ•‘mero
[39m[31m     Register Page
[39m[90m     TestingLibraryElementError: Unable to find an element with the text: /El câ”œâ”‚digo postal debe ser un nâ”œâ•‘mero./i. This could be because the text is broken up by multiple elements. In this case, you can provide a function for your text matcher to make your matcher more flexible.

Ignored nodes: comments, script, style
<body>
  
[39m
[31m22) debe mostrar un error si las contraseâ”œâ–’as no coinciden
[39m[31m     Register Page
[39m[90m     TestingLibraryElementError: Found multiple elements with the text of: /Contraseâ”œâ–’a/i

Here are the matching elements:

Ignored nodes: comments, script, style
[39m
[31m23) debe manejar errores del servidor al registrar un usuario
[39m[31m     Register Page
[39m[90m     TestingLibraryElementError: Found multiple elements with the text of: /Contraseâ”œâ–’a/i

Here are the matching elements:

Ignored nodes: comments, script, style
[39m
[31m24) debe mostrar un mensaje de â”œÂ®xito si el registro es exitoso
[39m[31m     Register Page
[39m[90m     TestingLibraryElementError: Found multiple elements with the text of: /Contraseâ”œâ–’a/i

Here are the matching elements:

Ignored nodes: comments, script, style
[39m
[31m25) debe manejar el envâ”œÂ¡o de una reseâ”œâ–’a vâ”œÃ­lida
[39m[31m     Reviews Page
[39m[90m     TestingLibraryElementError: Unable to find an element with the text: /â”¬Ã­Reseâ”œâ–’a publicada exitosamente!/i. This could be because the text is broken up by multiple elements. In this case, you can provide a function for your text matcher to make your matcher more flexible.

Ignored nodes: comments, script, style
<body>
  
[39m
[31m26) debe mostrar un error si la reseâ”œâ–’a estâ”œÃ­ incompleta
[39m[31m     Reviews Page
[39m[90m     TestingLibraryElementError: Unable to find an element with the text: /Por favor completa todos los campos/i. This could be because the text is broken up by multiple elements. In this case, you can provide a function for your text matcher to make your matcher more flexible.

Ignored nodes: comments, script, style
<body>
  
[39m

[91m24 11 2025 16:49:12.894:ERROR [coverage]: [39mChrome Headless 142.0.0.0 (Windows 10): Coverage for branches (33.33%) does not meet global threshold (50%)

=============================== Coverage summary ===============================
Statements   : 68.71% ( 738/1074 )
Branches     : 33.33% ( 91/273 )
Functions    : 73.44% ( 224/305 )
Lines        : 69.34% ( 724/1044 )
================================================================================
